2025-07-26 20:02:52,755 - ERROR - Failed to get ticker 'BTC-USD' reason: Expecting value: line 1 column 1 (char 0)
2025-07-26 20:02:52,769 - ERROR - BTC-USD: No price data found, symbol may be delisted (period=1d)
2025-07-26 20:02:52,769 - ERROR - Dados vazios para BTC-USD
2025-07-26 20:03:16,788 - ERROR - Failed to get ticker 'BTCUSDT=X' reason: Expecting value: line 1 column 1 (char 0)
2025-07-26 20:03:16,799 - ERROR - BTCUSDT=X: No price data found, symbol may be delisted (period=1d)
2025-07-26 20:03:16,800 - ERROR - Dados vazios para BTCUSDT=X
2025-07-26 20:03:53,224 - ERROR - Failed to get ticker 'BTC-USD' reason: Expecting value: line 1 column 1 (char 0)
2025-07-26 20:03:53,235 - ERROR - BTC-USD: No price data found, symbol may be delisted (period=5d)
2025-07-26 20:03:53,236 - ERROR - Failed to get ticker 'BTC-USD' reason: Expecting value: line 1 column 1 (char 0)
2025-07-26 20:03:53,250 - ERROR - BTC-USD: No price data found, symbol may be delisted (period=1mo)
2025-07-26 20:03:53,251 - ERROR - Dados vazios para BTC-USD
2025-07-27 12:53:56,699 - INFO - HTTP Request: POST https://api.telegram.org/bot7629404700:AAHrY8g7DHyz3-iI6nAzorPdAMDcbLvYRkI/sendMessage "HTTP/1.1 200 OK"
2025-07-27 12:53:56,700 - INFO - Bot iniciado com sucesso!
2025-07-27 12:53:56,700 - INFO - Iniciando monitoramento de sinais...
2025-07-27 12:53:56,700 - INFO - Analisando BTC-USD...
2025-07-27 12:53:57,319 - ERROR - Failed to get ticker 'BTC-USD' reason: Expecting value: line 1 column 1 (char 0)
2025-07-27 12:53:57,810 - ERROR - BTC-USD: No price data found, symbol may be delisted (period=5d)
2025-07-27 12:53:57,811 - ERROR - Failed to get ticker 'BTC-USD' reason: Expecting value: line 1 column 1 (char 0)
2025-07-27 12:53:58,310 - ERROR - BTC-USD: No price data found, symbol may be delisted (period=1mo)
2025-07-27 12:53:58,310 - ERROR - Dados vazios para BTC-USD
2025-07-27 12:54:00,316 - INFO - Analisando ETH-USD...
2025-07-27 12:54:00,804 - ERROR - Failed to get ticker 'ETH-USD' reason: Expecting value: line 1 column 1 (char 0)
2025-07-27 12:54:01,295 - ERROR - ETH-USD: No price data found, symbol may be delisted (period=5d)
2025-07-27 12:54:01,295 - ERROR - Failed to get ticker 'ETH-USD' reason: Expecting value: line 1 column 1 (char 0)
2025-07-27 12:54:01,813 - ERROR - ETH-USD: No price data found, symbol may be delisted (period=1mo)
2025-07-27 12:54:01,813 - ERROR - Dados vazios para ETH-USD
2025-07-27 12:54:03,815 - INFO - Aguardando próxima verificação...
2025-07-27 12:55:03,824 - INFO - Analisando BTC-USD...
2025-07-27 12:55:04,020 - ERROR - Failed to get ticker 'BTC-USD' reason: Expecting value: line 1 column 1 (char 0)
2025-07-27 12:55:04,152 - ERROR - BTC-USD: No price data found, symbol may be delisted (period=5d)
2025-07-27 12:55:04,153 - ERROR - Failed to get ticker 'BTC-USD' reason: Expecting value: line 1 column 1 (char 0)
2025-07-27 12:55:04,284 - ERROR - BTC-USD: No price data found, symbol may be delisted (period=1mo)
2025-07-27 12:55:04,285 - ERROR - Dados vazios para BTC-USD
2025-07-27 12:55:06,298 - INFO - Analisando ETH-USD...
2025-07-27 12:55:06,429 - ERROR - Failed to get ticker 'ETH-USD' reason: Expecting value: line 1 column 1 (char 0)
2025-07-27 12:55:06,563 - ERROR - ETH-USD: No price data found, symbol may be delisted (period=5d)
2025-07-27 12:55:06,564 - ERROR - Failed to get ticker 'ETH-USD' reason: Expecting value: line 1 column 1 (char 0)
2025-07-27 12:55:06,694 - ERROR - ETH-USD: No price data found, symbol may be delisted (period=1mo)
2025-07-27 12:55:06,695 - ERROR - Dados vazios para ETH-USD
2025-07-27 12:55:08,709 - INFO - Aguardando próxima verificação...
2025-07-27 12:56:08,723 - INFO - Analisando BTC-USD...
2025-07-27 12:56:08,854 - ERROR - Failed to get ticker 'BTC-USD' reason: Expecting value: line 1 column 1 (char 0)
2025-07-27 12:56:08,984 - ERROR - BTC-USD: No price data found, symbol may be delisted (period=5d)
2025-07-27 12:56:08,985 - ERROR - Failed to get ticker 'BTC-USD' reason: Expecting value: line 1 column 1 (char 0)
2025-07-27 12:56:09,118 - ERROR - BTC-USD: No price data found, symbol may be delisted (period=1mo)
2025-07-27 12:56:09,119 - ERROR - Dados vazios para BTC-USD
2025-07-27 12:56:11,131 - INFO - Analisando ETH-USD...
2025-07-27 12:56:11,265 - ERROR - Failed to get ticker 'ETH-USD' reason: Expecting value: line 1 column 1 (char 0)
2025-07-27 12:56:11,392 - ERROR - ETH-USD: No price data found, symbol may be delisted (period=5d)
2025-07-27 12:56:11,392 - ERROR - Failed to get ticker 'ETH-USD' reason: Expecting value: line 1 column 1 (char 0)
2025-07-27 12:56:11,524 - ERROR - ETH-USD: No price data found, symbol may be delisted (period=1mo)
2025-07-27 12:56:11,524 - ERROR - Dados vazios para ETH-USD
2025-07-27 12:56:13,534 - INFO - Aguardando próxima verificação...
2025-07-27 12:57:13,537 - INFO - Analisando BTC-USD...
2025-07-27 12:57:14,031 - ERROR - Failed to get ticker 'BTC-USD' reason: Expecting value: line 1 column 1 (char 0)
2025-07-27 12:57:14,537 - ERROR - BTC-USD: No price data found, symbol may be delisted (period=5d)
2025-07-27 12:57:14,539 - ERROR - Failed to get ticker 'BTC-USD' reason: Expecting value: line 1 column 1 (char 0)
2025-07-27 12:57:15,029 - ERROR - BTC-USD: No price data found, symbol may be delisted (period=1mo)
2025-07-27 12:57:15,031 - ERROR - Dados vazios para BTC-USD
2025-07-27 12:57:17,032 - INFO - Analisando ETH-USD...
2025-07-27 12:57:17,527 - ERROR - Failed to get ticker 'ETH-USD' reason: Expecting value: line 1 column 1 (char 0)
2025-07-27 12:57:18,018 - ERROR - ETH-USD: No price data found, symbol may be delisted (period=5d)
2025-07-27 12:57:18,019 - ERROR - Failed to get ticker 'ETH-USD' reason: Expecting value: line 1 column 1 (char 0)
2025-07-27 12:57:18,509 - ERROR - ETH-USD: No price data found, symbol may be delisted (period=1mo)
2025-07-27 12:57:18,509 - ERROR - Dados vazios para ETH-USD
2025-07-27 12:57:20,518 - INFO - Aguardando próxima verificação...
2025-07-27 12:58:20,528 - INFO - Analisando BTC-USD...
2025-07-27 12:58:20,842 - ERROR - Failed to get ticker 'BTC-USD' reason: Expecting value: line 1 column 1 (char 0)
2025-07-27 12:58:20,971 - ERROR - BTC-USD: No price data found, symbol may be delisted (period=5d)
2025-07-27 12:58:20,972 - ERROR - Failed to get ticker 'BTC-USD' reason: Expecting value: line 1 column 1 (char 0)
2025-07-27 12:58:21,103 - ERROR - BTC-USD: No price data found, symbol may be delisted (period=1mo)
2025-07-27 12:58:21,104 - ERROR - Dados vazios para BTC-USD
2025-07-27 12:58:23,113 - INFO - Analisando ETH-USD...
2025-07-27 12:58:23,251 - ERROR - Failed to get ticker 'ETH-USD' reason: Expecting value: line 1 column 1 (char 0)
2025-07-27 12:58:23,378 - ERROR - ETH-USD: No price data found, symbol may be delisted (period=5d)
2025-07-27 12:58:23,381 - ERROR - Failed to get ticker 'ETH-USD' reason: Expecting value: line 1 column 1 (char 0)
2025-07-27 12:58:23,514 - ERROR - ETH-USD: No price data found, symbol may be delisted (period=1mo)
2025-07-27 12:58:23,515 - ERROR - Dados vazios para ETH-USD
2025-07-27 12:58:25,524 - INFO - Aguardando próxima verificação...
2025-07-27 12:59:25,532 - INFO - Analisando BTC-USD...
2025-07-27 12:59:25,758 - ERROR - Failed to get ticker 'BTC-USD' reason: Expecting value: line 1 column 1 (char 0)
2025-07-27 12:59:25,892 - ERROR - BTC-USD: No price data found, symbol may be delisted (period=5d)
2025-07-27 12:59:25,893 - ERROR - Failed to get ticker 'BTC-USD' reason: Expecting value: line 1 column 1 (char 0)
2025-07-27 12:59:26,025 - ERROR - BTC-USD: No price data found, symbol may be delisted (period=1mo)
2025-07-27 12:59:26,025 - ERROR - Dados vazios para BTC-USD
2025-07-27 12:59:28,027 - INFO - Analisando ETH-USD...
2025-07-27 12:59:28,160 - ERROR - Failed to get ticker 'ETH-USD' reason: Expecting value: line 1 column 1 (char 0)
2025-07-27 12:59:28,302 - ERROR - ETH-USD: No price data found, symbol may be delisted (period=5d)
2025-07-27 12:59:28,302 - ERROR - Failed to get ticker 'ETH-USD' reason: Expecting value: line 1 column 1 (char 0)
2025-07-27 12:59:28,432 - ERROR - ETH-USD: No price data found, symbol may be delisted (period=1mo)
2025-07-27 12:59:28,433 - ERROR - Dados vazios para ETH-USD
2025-07-27 12:59:30,443 - INFO - Aguardando próxima verificação...
2025-07-27 13:00:30,451 - INFO - Analisando BTC-USD...
2025-07-27 13:00:30,625 - ERROR - Failed to get ticker 'BTC-USD' reason: Expecting value: line 1 column 1 (char 0)
2025-07-27 13:00:30,755 - ERROR - BTC-USD: No price data found, symbol may be delisted (period=5d)
2025-07-27 13:00:30,756 - ERROR - Failed to get ticker 'BTC-USD' reason: Expecting value: line 1 column 1 (char 0)
2025-07-27 13:00:30,884 - ERROR - BTC-USD: No price data found, symbol may be delisted (period=1mo)
2025-07-27 13:00:30,885 - ERROR - Dados vazios para BTC-USD
2025-07-27 13:00:32,891 - INFO - Analisando ETH-USD...
2025-07-27 13:00:33,019 - ERROR - Failed to get ticker 'ETH-USD' reason: Expecting value: line 1 column 1 (char 0)
2025-07-27 13:00:33,149 - ERROR - ETH-USD: No price data found, symbol may be delisted (period=5d)
2025-07-27 13:00:33,149 - ERROR - Failed to get ticker 'ETH-USD' reason: Expecting value: line 1 column 1 (char 0)
2025-07-27 13:00:33,276 - ERROR - ETH-USD: No price data found, symbol may be delisted (period=1mo)
2025-07-27 13:00:33,277 - ERROR - Dados vazios para ETH-USD
2025-07-27 13:00:35,292 - INFO - Aguardando próxima verificação...
2025-07-27 13:01:35,304 - INFO - Analisando BTC-USD...
2025-07-27 13:01:35,477 - ERROR - Failed to get ticker 'BTC-USD' reason: Expecting value: line 1 column 1 (char 0)
2025-07-27 13:01:35,617 - ERROR - BTC-USD: No price data found, symbol may be delisted (period=5d)
2025-07-27 13:01:35,619 - ERROR - Failed to get ticker 'BTC-USD' reason: Expecting value: line 1 column 1 (char 0)
2025-07-27 13:01:35,751 - ERROR - BTC-USD: No price data found, symbol may be delisted (period=1mo)
2025-07-27 13:01:35,752 - ERROR - Dados vazios para BTC-USD
2025-07-27 13:01:37,754 - INFO - Analisando ETH-USD...
2025-07-27 13:01:37,882 - ERROR - Failed to get ticker 'ETH-USD' reason: Expecting value: line 1 column 1 (char 0)
2025-07-27 13:01:38,023 - ERROR - ETH-USD: No price data found, symbol may be delisted (period=5d)
2025-07-27 13:01:38,023 - ERROR - Failed to get ticker 'ETH-USD' reason: Expecting value: line 1 column 1 (char 0)
2025-07-27 13:01:38,151 - ERROR - ETH-USD: No price data found, symbol may be delisted (period=1mo)
2025-07-27 13:01:38,151 - ERROR - Dados vazios para ETH-USD
2025-07-27 13:01:40,162 - INFO - Aguardando próxima verificação...
2025-07-27 13:02:40,174 - INFO - Analisando BTC-USD...
2025-07-27 13:02:40,307 - ERROR - Failed to get ticker 'BTC-USD' reason: Expecting value: line 1 column 1 (char 0)
2025-07-27 13:02:40,434 - ERROR - BTC-USD: No price data found, symbol may be delisted (period=5d)
2025-07-27 13:02:40,435 - ERROR - Failed to get ticker 'BTC-USD' reason: Expecting value: line 1 column 1 (char 0)
2025-07-27 13:02:40,588 - ERROR - BTC-USD: No price data found, symbol may be delisted (period=1mo)
2025-07-27 13:02:40,589 - ERROR - Dados vazios para BTC-USD
2025-07-27 13:02:42,596 - INFO - Analisando ETH-USD...
2025-07-27 13:02:42,725 - ERROR - Failed to get ticker 'ETH-USD' reason: Expecting value: line 1 column 1 (char 0)
2025-07-27 13:02:42,854 - ERROR - ETH-USD: No price data found, symbol may be delisted (period=5d)
2025-07-27 13:02:42,856 - ERROR - Failed to get ticker 'ETH-USD' reason: Expecting value: line 1 column 1 (char 0)
2025-07-27 13:02:42,984 - ERROR - ETH-USD: No price data found, symbol may be delisted (period=1mo)
2025-07-27 13:02:42,984 - ERROR - Dados vazios para ETH-USD
2025-07-27 13:02:44,988 - INFO - Aguardando próxima verificação...
2025-07-27 13:03:15,409 - INFO - Bot interrompido pelo usuário
2025-07-27 13:17:15,442 - INFO - HTTP Request: POST https://api.telegram.org/bot7629404700:AAHrY8g7DHyz3-iI6nAzorPdAMDcbLvYRkI/sendMessage "HTTP/1.1 200 OK"
2025-07-27 13:17:15,443 - INFO - Bot iniciado com sucesso!
2025-07-27 13:17:15,443 - INFO - Iniciando monitoramento de sinais...
2025-07-27 13:17:15,443 - INFO - Analisando BTC-USD...
2025-07-27 13:17:16,052 - ERROR - Failed to get ticker 'BTC-USD' reason: Expecting value: line 1 column 1 (char 0)
2025-07-27 13:17:16,516 - ERROR - BTC-USD: No price data found, symbol may be delisted (period=5d)
2025-07-27 13:17:16,516 - ERROR - Failed to get ticker 'BTC-USD' reason: Expecting value: line 1 column 1 (char 0)
2025-07-27 13:17:16,985 - ERROR - BTC-USD: No price data found, symbol may be delisted (period=1mo)
2025-07-27 13:17:16,985 - ERROR - Dados vazios para BTC-USD
2025-07-27 13:17:18,989 - INFO - Analisando ETH-USD...
2025-07-27 13:17:19,469 - ERROR - Failed to get ticker 'ETH-USD' reason: Expecting value: line 1 column 1 (char 0)
2025-07-27 13:17:19,952 - ERROR - ETH-USD: No price data found, symbol may be delisted (period=5d)
2025-07-27 13:17:19,953 - ERROR - Failed to get ticker 'ETH-USD' reason: Expecting value: line 1 column 1 (char 0)
2025-07-27 13:17:20,436 - ERROR - ETH-USD: No price data found, symbol may be delisted (period=1mo)
2025-07-27 13:17:20,436 - ERROR - Dados vazios para ETH-USD
2025-07-27 13:17:22,450 - INFO - Aguardando próxima verificação...
2025-07-27 13:18:22,462 - INFO - Analisando BTC-USD...
2025-07-27 13:18:22,624 - ERROR - Failed to get ticker 'BTC-USD' reason: Expecting value: line 1 column 1 (char 0)
2025-07-27 13:18:22,748 - ERROR - BTC-USD: No price data found, symbol may be delisted (period=5d)
2025-07-27 13:18:22,749 - ERROR - Failed to get ticker 'BTC-USD' reason: Expecting value: line 1 column 1 (char 0)
2025-07-27 13:18:22,871 - ERROR - BTC-USD: No price data found, symbol may be delisted (period=1mo)
2025-07-27 13:18:22,872 - ERROR - Dados vazios para BTC-USD
2025-07-27 13:18:24,875 - INFO - Analisando ETH-USD...
2025-07-27 13:18:25,021 - ERROR - Failed to get ticker 'ETH-USD' reason: Expecting value: line 1 column 1 (char 0)
2025-07-27 13:18:25,143 - ERROR - ETH-USD: No price data found, symbol may be delisted (period=5d)
2025-07-27 13:18:25,144 - ERROR - Failed to get ticker 'ETH-USD' reason: Expecting value: line 1 column 1 (char 0)
2025-07-27 13:18:25,266 - ERROR - ETH-USD: No price data found, symbol may be delisted (period=1mo)
2025-07-27 13:18:25,267 - ERROR - Dados vazios para ETH-USD
2025-07-27 13:18:27,275 - INFO - Aguardando próxima verificação...
2025-07-27 13:19:27,286 - INFO - Analisando BTC-USD...
2025-07-27 13:19:27,484 - ERROR - Failed to get ticker 'BTC-USD' reason: Expecting value: line 1 column 1 (char 0)
2025-07-27 13:19:27,631 - ERROR - BTC-USD: No price data found, symbol may be delisted (period=5d)
2025-07-27 13:19:27,631 - ERROR - Failed to get ticker 'BTC-USD' reason: Expecting value: line 1 column 1 (char 0)
2025-07-27 13:19:27,753 - ERROR - BTC-USD: No price data found, symbol may be delisted (period=1mo)
2025-07-27 13:19:27,754 - ERROR - Dados vazios para BTC-USD
2025-07-27 13:19:29,768 - INFO - Analisando ETH-USD...
2025-07-27 13:19:29,890 - ERROR - Failed to get ticker 'ETH-USD' reason: Expecting value: line 1 column 1 (char 0)
2025-07-27 13:19:30,014 - ERROR - ETH-USD: No price data found, symbol may be delisted (period=5d)
2025-07-27 13:19:30,014 - ERROR - Failed to get ticker 'ETH-USD' reason: Expecting value: line 1 column 1 (char 0)
2025-07-27 13:19:30,137 - ERROR - ETH-USD: No price data found, symbol may be delisted (period=1mo)
2025-07-27 13:19:30,137 - ERROR - Dados vazios para ETH-USD
2025-07-27 13:19:32,140 - INFO - Aguardando próxima verificação...
2025-07-27 13:20:32,146 - INFO - Analisando BTC-USD...
2025-07-27 13:20:32,277 - ERROR - Failed to get ticker 'BTC-USD' reason: Expecting value: line 1 column 1 (char 0)
2025-07-27 13:20:32,433 - ERROR - BTC-USD: No price data found, symbol may be delisted (period=5d)
2025-07-27 13:20:32,434 - ERROR - Failed to get ticker 'BTC-USD' reason: Expecting value: line 1 column 1 (char 0)
2025-07-27 13:20:32,560 - ERROR - BTC-USD: No price data found, symbol may be delisted (period=1mo)
2025-07-27 13:20:32,560 - ERROR - Dados vazios para BTC-USD
2025-07-27 13:20:34,570 - INFO - Analisando ETH-USD...
2025-07-27 13:20:34,698 - ERROR - Failed to get ticker 'ETH-USD' reason: Expecting value: line 1 column 1 (char 0)
2025-07-27 13:20:34,826 - ERROR - ETH-USD: No price data found, symbol may be delisted (period=5d)
2025-07-27 13:20:34,827 - ERROR - Failed to get ticker 'ETH-USD' reason: Expecting value: line 1 column 1 (char 0)
2025-07-27 13:20:34,957 - ERROR - ETH-USD: No price data found, symbol may be delisted (period=1mo)
2025-07-27 13:20:34,957 - ERROR - Dados vazios para ETH-USD
2025-07-27 13:20:36,971 - INFO - Aguardando próxima verificação...
2025-07-27 13:21:36,982 - INFO - Analisando BTC-USD...
2025-07-27 13:21:37,161 - ERROR - Failed to get ticker 'BTC-USD' reason: Expecting value: line 1 column 1 (char 0)
2025-07-27 13:21:37,286 - ERROR - BTC-USD: No price data found, symbol may be delisted (period=5d)
2025-07-27 13:21:37,287 - ERROR - Failed to get ticker 'BTC-USD' reason: Expecting value: line 1 column 1 (char 0)
2025-07-27 13:21:37,411 - ERROR - BTC-USD: No price data found, symbol may be delisted (period=1mo)
2025-07-27 13:21:37,413 - ERROR - Dados vazios para BTC-USD
2025-07-27 13:21:39,417 - INFO - Analisando ETH-USD...
2025-07-27 13:21:39,539 - ERROR - Failed to get ticker 'ETH-USD' reason: Expecting value: line 1 column 1 (char 0)
2025-07-27 13:21:39,662 - ERROR - ETH-USD: No price data found, symbol may be delisted (period=5d)
2025-07-27 13:21:39,663 - ERROR - Failed to get ticker 'ETH-USD' reason: Expecting value: line 1 column 1 (char 0)
2025-07-27 13:21:39,786 - ERROR - ETH-USD: No price data found, symbol may be delisted (period=1mo)
2025-07-27 13:21:39,786 - ERROR - Dados vazios para ETH-USD
2025-07-27 13:21:41,792 - INFO - Aguardando próxima verificação...
2025-07-27 13:22:41,795 - INFO - Analisando BTC-USD...
2025-07-27 13:22:41,982 - ERROR - Failed to get ticker 'BTC-USD' reason: Expecting value: line 1 column 1 (char 0)
2025-07-27 13:22:42,109 - ERROR - BTC-USD: No price data found, symbol may be delisted (period=5d)
2025-07-27 13:22:42,109 - ERROR - Failed to get ticker 'BTC-USD' reason: Expecting value: line 1 column 1 (char 0)
2025-07-27 13:22:42,238 - ERROR - BTC-USD: No price data found, symbol may be delisted (period=1mo)
2025-07-27 13:22:42,239 - ERROR - Dados vazios para BTC-USD
2025-07-27 13:22:44,246 - INFO - Analisando ETH-USD...
2025-07-27 13:22:44,375 - ERROR - Failed to get ticker 'ETH-USD' reason: Expecting value: line 1 column 1 (char 0)
2025-07-27 13:22:44,502 - ERROR - ETH-USD: No price data found, symbol may be delisted (period=5d)
2025-07-27 13:22:44,504 - ERROR - Failed to get ticker 'ETH-USD' reason: Expecting value: line 1 column 1 (char 0)
2025-07-27 13:22:44,631 - ERROR - ETH-USD: No price data found, symbol may be delisted (period=1mo)
2025-07-27 13:22:44,631 - ERROR - Dados vazios para ETH-USD
2025-07-27 13:22:46,635 - INFO - Aguardando próxima verificação...
2025-07-27 13:23:46,647 - INFO - Analisando BTC-USD...
2025-07-27 13:23:46,789 - ERROR - Failed to get ticker 'BTC-USD' reason: Expecting value: line 1 column 1 (char 0)
2025-07-27 13:23:46,912 - ERROR - BTC-USD: No price data found, symbol may be delisted (period=5d)
2025-07-27 13:23:46,914 - ERROR - Failed to get ticker 'BTC-USD' reason: Expecting value: line 1 column 1 (char 0)
2025-07-27 13:23:47,040 - ERROR - BTC-USD: No price data found, symbol may be delisted (period=1mo)
2025-07-27 13:23:47,041 - ERROR - Dados vazios para BTC-USD
2025-07-27 13:23:49,055 - INFO - Analisando ETH-USD...
2025-07-27 13:23:49,179 - ERROR - Failed to get ticker 'ETH-USD' reason: Expecting value: line 1 column 1 (char 0)
2025-07-27 13:23:49,311 - ERROR - ETH-USD: No price data found, symbol may be delisted (period=5d)
2025-07-27 13:23:49,312 - ERROR - Failed to get ticker 'ETH-USD' reason: Expecting value: line 1 column 1 (char 0)
2025-07-27 13:23:49,434 - ERROR - ETH-USD: No price data found, symbol may be delisted (period=1mo)
2025-07-27 13:23:49,435 - ERROR - Dados vazios para ETH-USD
2025-07-27 13:23:51,441 - INFO - Aguardando próxima verificação...
2025-07-27 13:24:51,453 - INFO - Analisando BTC-USD...
2025-07-27 13:24:51,626 - ERROR - Failed to get ticker 'BTC-USD' reason: Expecting value: line 1 column 1 (char 0)
2025-07-27 13:24:51,746 - ERROR - BTC-USD: No price data found, symbol may be delisted (period=5d)
2025-07-27 13:24:51,748 - ERROR - Failed to get ticker 'BTC-USD' reason: Expecting value: line 1 column 1 (char 0)
2025-07-27 13:24:51,870 - ERROR - BTC-USD: No price data found, symbol may be delisted (period=1mo)
2025-07-27 13:24:51,871 - ERROR - Dados vazios para BTC-USD
2025-07-27 13:24:53,883 - INFO - Analisando ETH-USD...
2025-07-27 13:24:54,007 - ERROR - Failed to get ticker 'ETH-USD' reason: Expecting value: line 1 column 1 (char 0)
2025-07-27 13:24:54,150 - ERROR - ETH-USD: No price data found, symbol may be delisted (period=5d)
2025-07-27 13:24:54,151 - ERROR - Failed to get ticker 'ETH-USD' reason: Expecting value: line 1 column 1 (char 0)
2025-07-27 13:24:54,271 - ERROR - ETH-USD: No price data found, symbol may be delisted (period=1mo)
2025-07-27 13:24:54,272 - ERROR - Dados vazios para ETH-USD
2025-07-27 13:24:56,273 - INFO - Aguardando próxima verificação...
2025-07-27 13:25:56,286 - INFO - Analisando BTC-USD...
2025-07-27 13:25:56,777 - ERROR - Failed to get ticker 'BTC-USD' reason: Expecting value: line 1 column 1 (char 0)
2025-07-27 13:25:57,266 - ERROR - BTC-USD: No price data found, symbol may be delisted (period=5d)
2025-07-27 13:25:57,266 - ERROR - Failed to get ticker 'BTC-USD' reason: Expecting value: line 1 column 1 (char 0)
2025-07-27 13:25:57,756 - ERROR - BTC-USD: No price data found, symbol may be delisted (period=1mo)
2025-07-27 13:25:57,756 - ERROR - Dados vazios para BTC-USD
2025-07-27 13:25:59,761 - INFO - Analisando ETH-USD...
2025-07-27 13:26:00,252 - ERROR - Failed to get ticker 'ETH-USD' reason: Expecting value: line 1 column 1 (char 0)
2025-07-27 13:26:00,752 - ERROR - ETH-USD: No price data found, symbol may be delisted (period=5d)
2025-07-27 13:26:00,753 - ERROR - Failed to get ticker 'ETH-USD' reason: Expecting value: line 1 column 1 (char 0)
2025-07-27 13:26:01,246 - ERROR - ETH-USD: No price data found, symbol may be delisted (period=1mo)
2025-07-27 13:26:01,247 - ERROR - Dados vazios para ETH-USD
2025-07-27 13:26:03,254 - INFO - Aguardando próxima verificação...
2025-07-27 13:26:03,464 - INFO - Bot interrompido pelo usuário
